<?xml version="1.0" encoding="UTF-8"?>
<coverage generated="1678302862252" clover="3.2.0">
  <project timestamp="1678302862252" name="All files">
    <metrics statements="22" coveredstatements="22" conditionals="15" coveredconditionals="15" methods="3" coveredmethods="3" elements="40" coveredelements="40" complexity="0" loc="22" ncloc="22" packages="1" files="1" classes="1"/>
    <file name="sort.js" path="/Users/duong-jason/sort.js">
      <metrics statements="22" coveredstatements="22" conditionals="15" coveredconditionals="15" methods="3" coveredmethods="3"/>
      <line num="2" count="6" type="cond" truecount="2" falsecount="0"/>
      <line num="3" count="1" type="stmt"/>
      <line num="6" count="5" type="stmt"/>
      <line num="8" count="13" type="stmt"/>
      <line num="9" count="57" type="cond" truecount="2" falsecount="0"/>
      <line num="10" count="25" type="stmt"/>
      <line num="15" count="5" type="stmt"/>
      <line num="19" count="32" type="cond" truecount="2" falsecount="0"/>
      <line num="20" count="26" type="stmt"/>
      <line num="21" count="6" type="cond" truecount="2" falsecount="0"/>
      <line num="22" count="1" type="stmt"/>
      <line num="25" count="31" type="cond" truecount="2" falsecount="0"/>
      <line num="26" count="18" type="stmt"/>
      <line num="28" count="13" type="stmt"/>
      <line num="29" count="13" type="stmt"/>
      <line num="30" count="13" type="stmt"/>
      <line num="34" count="13" type="stmt"/>
      <line num="35" count="13" type="stmt"/>
      <line num="37" count="13" type="cond" truecount="2" falsecount="0"/>
      <line num="38" count="21" type="cond" truecount="2" falsecount="0"/>
      <line num="42" count="13" type="stmt"/>
      <line num="45" count="1" type="stmt"/>
    </file>
  </project>
</coverage>
