<?xml version="1.0" encoding="UTF-8"?>
<coverage generated="1678315751245" clover="3.2.0">
  <project timestamp="1678315751245" name="All files">
    <metrics statements="33" coveredstatements="33" conditionals="15" coveredconditionals="15" methods="3" coveredmethods="3" elements="51" coveredelements="51" complexity="0" loc="33" ncloc="33" packages="1" files="1" classes="1"/>
    <file name="sort.js" path="/Users/duong-jason/binary-bros/sort.js">
      <metrics statements="33" coveredstatements="33" conditionals="15" coveredconditionals="15" methods="3" coveredmethods="3"/>
      <line num="2" count="7" type="cond" truecount="2" falsecount="0"/>
      <line num="3" count="1" type="stmt"/>
      <line num="6" count="6" type="stmt"/>
      <line num="7" count="18" type="stmt"/>
      <line num="8" count="18" type="stmt"/>
      <line num="9" count="82" type="cond" truecount="2" falsecount="0"/>
      <line num="10" count="31" type="stmt"/>
      <line num="12" count="82" type="stmt"/>
      <line num="15" count="6" type="stmt"/>
      <line num="19" count="43" type="cond" truecount="2" falsecount="0"/>
      <line num="20" count="36" type="stmt"/>
      <line num="21" count="7" type="cond" truecount="2" falsecount="0"/>
      <line num="22" count="1" type="stmt"/>
      <line num="25" count="42" type="cond" truecount="2" falsecount="0"/>
      <line num="26" count="24" type="stmt"/>
      <line num="29" count="18" type="stmt"/>
      <line num="30" count="18" type="stmt"/>
      <line num="32" count="18" type="stmt"/>
      <line num="33" count="18" type="stmt"/>
      <line num="35" count="18" type="stmt"/>
      <line num="39" count="18" type="stmt"/>
      <line num="40" count="18" type="stmt"/>
      <line num="42" count="18" type="cond" truecount="2" falsecount="0"/>
      <line num="43" count="31" type="cond" truecount="2" falsecount="0"/>
      <line num="46" count="18" type="stmt"/>
      <line num="49" count="18" type="stmt"/>
      <line num="52" count="1" type="stmt"/>
      <line num="53" count="1" type="stmt"/>
      <line num="54" count="1" type="stmt"/>
      <line num="56" count="1" type="stmt"/>
      <line num="57" count="1" type="stmt"/>
      <line num="58" count="1" type="stmt"/>
      <line num="60" count="1" type="stmt"/>
    </file>
  </project>
</coverage>
