{"/Users/duong-jason/binary-bros/sort.js": {"path":"/Users/duong-jason/binary-bros/sort.js","statementMap":{"0":{"start":{"line":2,"column":4},"end":{"line":4,"column":5}},"1":{"start":{"line":3,"column":8},"end":{"line":3,"column":68}},"2":{"start":{"line":6,"column":4},"end":{"line":14,"column":5}},"3":{"start":{"line":6,"column":17},"end":{"line":6,"column":18}},"4":{"start":{"line":7,"column":8},"end":{"line":7,"column":39}},"5":{"start":{"line":8,"column":8},"end":{"line":13,"column":9}},"6":{"start":{"line":8,"column":21},"end":{"line":8,"column":22}},"7":{"start":{"line":9,"column":12},"end":{"line":11,"column":13}},"8":{"start":{"line":10,"column":16},"end":{"line":10,"column":55}},"9":{"start":{"line":12,"column":12},"end":{"line":12,"column":28}},"10":{"start":{"line":15,"column":4},"end":{"line":15,"column":14}},"11":{"start":{"line":19,"column":4},"end":{"line":23,"column":5}},"12":{"start":{"line":20,"column":8},"end":{"line":20,"column":22}},"13":{"start":{"line":21,"column":11},"end":{"line":23,"column":5}},"14":{"start":{"line":22,"column":8},"end":{"line":22,"column":68}},"15":{"start":{"line":25,"column":4},"end":{"line":27,"column":5}},"16":{"start":{"line":26,"column":8},"end":{"line":26,"column":18}},"17":{"start":{"line":29,"column":12},"end":{"line":29,"column":41}},"18":{"start":{"line":30,"column":4},"end":{"line":30,"column":34}},"19":{"start":{"line":32,"column":12},"end":{"line":32,"column":38}},"20":{"start":{"line":33,"column":4},"end":{"line":33,"column":34}},"21":{"start":{"line":35,"column":4},"end":{"line":35,"column":46}},"22":{"start":{"line":39,"column":14},"end":{"line":39,"column":22}},"23":{"start":{"line":39,"column":28},"end":{"line":39,"column":36}},"24":{"start":{"line":40,"column":12},"end":{"line":40,"column":14}},"25":{"start":{"line":40,"column":23},"end":{"line":40,"column":24}},"26":{"start":{"line":40,"column":34},"end":{"line":40,"column":35}},"27":{"start":{"line":42,"column":4},"end":{"line":44,"column":5}},"28":{"start":{"line":43,"column":8},"end":{"line":43,"column":62}},"29":{"start":{"line":46,"column":4},"end":{"line":46,"column":86}},"30":{"start":{"line":49,"column":4},"end":{"line":49,"column":60}},"31":{"start":{"line":52,"column":10},"end":{"line":52,"column":29}},"32":{"start":{"line":53,"column":0},"end":{"line":53,"column":34}},"33":{"start":{"line":54,"column":0},"end":{"line":54,"column":53}},"34":{"start":{"line":56,"column":10},"end":{"line":56,"column":29}},"35":{"start":{"line":57,"column":0},"end":{"line":57,"column":33}},"36":{"start":{"line":58,"column":0},"end":{"line":58,"column":52}},"37":{"start":{"line":60,"column":0},"end":{"line":63,"column":1}}},"fnMap":{"0":{"name":"bubble_sort","decl":{"start":{"line":1,"column":9},"end":{"line":1,"column":20}},"loc":{"start":{"line":1,"column":29},"end":{"line":16,"column":1}},"line":1},"1":{"name":"merge_sort","decl":{"start":{"line":18,"column":9},"end":{"line":18,"column":19}},"loc":{"start":{"line":18,"column":33},"end":{"line":36,"column":1}},"line":18},"2":{"name":"merge","decl":{"start":{"line":38,"column":9},"end":{"line":38,"column":14}},"loc":{"start":{"line":38,"column":21},"end":{"line":50,"column":1}},"line":38}},"branchMap":{"0":{"loc":{"start":{"line":2,"column":4},"end":{"line":4,"column":5}},"type":"if","locations":[{"start":{"line":2,"column":4},"end":{"line":4,"column":5}},{"start":{},"end":{}}],"line":2},"1":{"loc":{"start":{"line":9,"column":12},"end":{"line":11,"column":13}},"type":"if","locations":[{"start":{"line":9,"column":12},"end":{"line":11,"column":13}},{"start":{},"end":{}}],"line":9},"2":{"loc":{"start":{"line":18,"column":25},"end":{"line":18,"column":31}},"type":"default-arg","locations":[{"start":{"line":18,"column":27},"end":{"line":18,"column":31}}],"line":18},"3":{"loc":{"start":{"line":19,"column":4},"end":{"line":23,"column":5}},"type":"if","locations":[{"start":{"line":19,"column":4},"end":{"line":23,"column":5}},{"start":{"line":21,"column":11},"end":{"line":23,"column":5}}],"line":19},"4":{"loc":{"start":{"line":21,"column":11},"end":{"line":23,"column":5}},"type":"if","locations":[{"start":{"line":21,"column":11},"end":{"line":23,"column":5}},{"start":{},"end":{}}],"line":21},"5":{"loc":{"start":{"line":25,"column":4},"end":{"line":27,"column":5}},"type":"if","locations":[{"start":{"line":25,"column":4},"end":{"line":27,"column":5}},{"start":{},"end":{}}],"line":25},"6":{"loc":{"start":{"line":42,"column":11},"end":{"line":42,"column":32}},"type":"binary-expr","locations":[{"start":{"line":42,"column":11},"end":{"line":42,"column":19}},{"start":{"line":42,"column":23},"end":{"line":42,"column":32}}],"line":42},"7":{"loc":{"start":{"line":43,"column":15},"end":{"line":43,"column":61}},"type":"cond-expr","locations":[{"start":{"line":43,"column":39},"end":{"line":43,"column":48}},{"start":{"line":43,"column":51},"end":{"line":43,"column":61}}],"line":43}},"s":{"0":7,"1":1,"2":6,"3":6,"4":18,"5":18,"6":18,"7":82,"8":31,"9":82,"10":6,"11":43,"12":36,"13":7,"14":1,"15":42,"16":24,"17":18,"18":18,"19":18,"20":18,"21":18,"22":18,"23":18,"24":18,"25":18,"26":18,"27":18,"28":31,"29":18,"30":18,"31":1,"32":1,"33":1,"34":1,"35":1,"36":1,"37":1},"f":{"0":7,"1":43,"2":18},"b":{"0":[1,6],"1":[31,51],"2":[36],"3":[36,7],"4":[1,6],"5":[24,18],"6":[49,41],"7":[11,20]},"_coverageSchema":"1a1c01bbd47fc00a2c39e90264f33305004495a9","hash":"6033a1ca1d40b1682fbf31bc84361ca71ddfc6b0"}
}
