TN:
SF:sort.js
FN:1,bubble_sort
FN:18,merge_sort
FN:38,merge
FNF:3
FNH:3
FNDA:7,bubble_sort
FNDA:43,merge_sort
FNDA:18,merge
DA:2,7
DA:3,1
DA:6,6
DA:7,18
DA:8,18
DA:9,82
DA:10,31
DA:12,82
DA:15,6
DA:19,43
DA:20,36
DA:21,7
DA:22,1
DA:25,42
DA:26,24
DA:29,18
DA:30,18
DA:32,18
DA:33,18
DA:35,18
DA:39,18
DA:40,18
DA:42,18
DA:43,31
DA:46,18
DA:49,18
DA:52,1
DA:53,1
DA:54,1
DA:56,1
DA:57,1
DA:58,1
DA:60,1
LF:33
LH:33
BRDA:2,0,0,1
BRDA:2,0,1,6
BRDA:9,1,0,31
BRDA:9,1,1,51
BRDA:18,2,0,36
BRDA:19,3,0,36
BRDA:19,3,1,7
BRDA:21,4,0,1
BRDA:21,4,1,6
BRDA:25,5,0,24
BRDA:25,5,1,18
BRDA:42,6,0,49
BRDA:42,6,1,41
BRDA:43,7,0,11
BRDA:43,7,1,20
BRF:15
BRH:15
end_of_record
