TN:
SF:sort.js
FN:1,bubble_sort
FN:18,merge_sort
FN:33,merge
FNF:3
FNH:3
FNDA:6,bubble_sort
FNDA:32,merge_sort
FNDA:13,merge
DA:2,6
DA:3,1
DA:6,5
DA:8,13
DA:9,57
DA:10,25
DA:15,5
DA:19,32
DA:20,26
DA:21,6
DA:22,1
DA:25,31
DA:26,18
DA:28,13
DA:29,13
DA:30,13
DA:34,13
DA:35,13
DA:37,13
DA:38,21
DA:42,13
DA:45,1
LF:22
LH:22
BRDA:2,0,0,1
BRDA:2,0,1,5
BRDA:9,1,0,25
BRDA:9,1,1,32
BRDA:18,2,0,26
BRDA:19,3,0,26
BRDA:19,3,1,6
BRDA:21,4,0,1
BRDA:21,4,1,5
BRDA:25,5,0,18
BRDA:25,5,1,13
BRDA:37,6,0,34
BRDA:37,6,1,30
BRDA:38,7,0,5
BRDA:38,7,1,16
BRF:15
BRH:15
end_of_record
